<?xml version="1.0" encoding="UTF-8"?>
<!-- Generated by org.testng.reporters.JUnitXMLReporter -->
<testsuite hostname="LAPTOP-KIKEF7F4" ignored="0" name="Test" tests="2" failures="1" timestamp="05 Mar 2018 05:12:05 GMT" time="47.016" errors="0">
  <testcase name="verifyLogin" time="0.467" classname="com.iel.automation.testcases.LoginTest"/>
  <testcase name="verifyInvalidLogin" time="0.477" classname="com.iel.automation.testcases.LoginTest">
    <failure type="java.lang.AssertionError" message="Username or Password is incorrect expected [http://staging.inspiredlms.com/user/master.aspx] but found [https://ilmsdevqa.inspiredlms.com/admin/login]">
      <![CDATA[java.lang.AssertionError: Username or Password is incorrect expected [http://staging.inspiredlms.com/user/master.aspx] but found [https://ilmsdevqa.inspiredlms.com/admin/login]
	at com.iel.automation.pages.HomePage.verfiyLogin(HomePage.java:61)
	at com.iel.automation.testcases.LoginTest.verifyInvalidLogin(LoginTest.java:45)
... Removed 33 stack frames]]>
    </failure>
  </testcase> <!-- verifyInvalidLogin -->
</testsuite> <!-- Test -->
