<?xml version="1.0" encoding="UTF-8"?>
<testsuite xmlns:xsi="http://www.w3.org/2001/XMLSchema-instance" xsi:schemaLocation="https://maven.apache.org/surefire/maven-surefire-plugin/xsd/surefire-test-report.xsd" name="TestSuite" time="48.991" tests="2" errors="0" skipped="0" failures="1">
  <properties>
[...]
</properties>
  <testcase name="verifyLogin" classname="com.iel.automation.testcases.LoginTest" time="0.467"/>
  <testcase name="verifyInvalidLogin" classname="com.iel.automation.testcases.LoginTest" time="0.489">
    <failure message="Username or Password is incorrect expected [http://staging.inspiredlms.com/user/master.aspx] but found [https://ilmsdevqa.inspiredlms.com/admin/login]" type="java.lang.AssertionError">java.lang.AssertionError: Username or Password is incorrect expected [http://staging.inspiredlms.com/user/master.aspx] but found [https://ilmsdevqa.inspiredlms.com/admin/login]
	at com.iel.automation.testcases.LoginTest.verifyInvalidLogin(LoginTest.java:45)
</failure>
    <system-err><![CDATA[Starting ChromeDriver 2.35.528161 (5b82f2d2aae0ca24b877009200ced9065a772e73) on port 34925
Only local connections are allowed.
Mar 05, 2018 12:11:58 AM org.openqa.selenium.remote.ProtocolHandshake createSession
INFO: Detected dialect: OSS
]]></system-err>
  </testcase>
</testsuite>